Created by PLY version 3.11 (http://www.dabeaz.com/ply)

Grammar

Rule 0     S' -> expression
Rule 1     expression -> expression PLUS expression
Rule 2     expression -> expression MINUS expression
Rule 3     expression -> expression TIMES expression
Rule 4     expression -> expression DIVIDE expression
Rule 5     expression -> LPAREN expression RPAREN
Rule 6     expression -> NUMBER
Rule 7     expression -> MINUS expression
Rule 8     expression -> ABS LPAREN expression RPAREN
Rule 9     expression -> SQRT LPAREN expression RPAREN
Rule 10    expression -> EXP LPAREN expression RPAREN

Terminals, with rules where they appear

ABS                  : 8
DIVIDE               : 4
EXP                  : 10
LPAREN               : 5 8 9 10
MINUS                : 2 7
NUMBER               : 6
PLUS                 : 1
RPAREN               : 5 8 9 10
SQRT                 : 9
TIMES                : 3
error                : 

Nonterminals, with rules where they appear

expression           : 1 1 2 2 3 3 4 4 5 7 8 9 10 0

Parsing method: LALR

state 0

    (0) S' -> . expression
    (1) expression -> . expression PLUS expression
    (2) expression -> . expression MINUS expression
    (3) expression -> . expression TIMES expression
    (4) expression -> . expression DIVIDE expression
    (5) expression -> . LPAREN expression RPAREN
    (6) expression -> . NUMBER
    (7) expression -> . MINUS expression
    (8) expression -> . ABS LPAREN expression RPAREN
    (9) expression -> . SQRT LPAREN expression RPAREN
    (10) expression -> . EXP LPAREN expression RPAREN

    LPAREN          shift and go to state 3
    NUMBER          shift and go to state 4
    MINUS           shift and go to state 2
    ABS             shift and go to state 5
    SQRT            shift and go to state 6
    EXP             shift and go to state 7

    expression                     shift and go to state 1

state 1

    (0) S' -> expression .
    (1) expression -> expression . PLUS expression
    (2) expression -> expression . MINUS expression
    (3) expression -> expression . TIMES expression
    (4) expression -> expression . DIVIDE expression

    PLUS            shift and go to state 8
    MINUS           shift and go to state 9
    TIMES           shift and go to state 10
    DIVIDE          shift and go to state 11


state 2

    (7) expression -> MINUS . expression
    (1) expression -> . expression PLUS expression
    (2) expression -> . expression MINUS expression
    (3) expression -> . expression TIMES expression
    (4) expression -> . expression DIVIDE expression
    (5) expression -> . LPAREN expression RPAREN
    (6) expression -> . NUMBER
    (7) expression -> . MINUS expression
    (8) expression -> . ABS LPAREN expression RPAREN
    (9) expression -> . SQRT LPAREN expression RPAREN
    (10) expression -> . EXP LPAREN expression RPAREN

    LPAREN          shift and go to state 3
    NUMBER          shift and go to state 4
    MINUS           shift and go to state 2
    ABS             shift and go to state 5
    SQRT            shift and go to state 6
    EXP             shift and go to state 7

    expression                     shift and go to state 12

state 3

    (5) expression -> LPAREN . expression RPAREN
    (1) expression -> . expression PLUS expression
    (2) expression -> . expression MINUS expression
    (3) expression -> . expression TIMES expression
    (4) expression -> . expression DIVIDE expression
    (5) expression -> . LPAREN expression RPAREN
    (6) expression -> . NUMBER
    (7) expression -> . MINUS expression
    (8) expression -> . ABS LPAREN expression RPAREN
    (9) expression -> . SQRT LPAREN expression RPAREN
    (10) expression -> . EXP LPAREN expression RPAREN

    LPAREN          shift and go to state 3
    NUMBER          shift and go to state 4
    MINUS           shift and go to state 2
    ABS             shift and go to state 5
    SQRT            shift and go to state 6
    EXP             shift and go to state 7

    expression                     shift and go to state 13

state 4

    (6) expression -> NUMBER .

    PLUS            reduce using rule 6 (expression -> NUMBER .)
    MINUS           reduce using rule 6 (expression -> NUMBER .)
    TIMES           reduce using rule 6 (expression -> NUMBER .)
    DIVIDE          reduce using rule 6 (expression -> NUMBER .)
    $end            reduce using rule 6 (expression -> NUMBER .)
    RPAREN          reduce using rule 6 (expression -> NUMBER .)


state 5

    (8) expression -> ABS . LPAREN expression RPAREN

    LPAREN          shift and go to state 14


state 6

    (9) expression -> SQRT . LPAREN expression RPAREN

    LPAREN          shift and go to state 15


state 7

    (10) expression -> EXP . LPAREN expression RPAREN

    LPAREN          shift and go to state 16


state 8

    (1) expression -> expression PLUS . expression
    (1) expression -> . expression PLUS expression
    (2) expression -> . expression MINUS expression
    (3) expression -> . expression TIMES expression
    (4) expression -> . expression DIVIDE expression
    (5) expression -> . LPAREN expression RPAREN
    (6) expression -> . NUMBER
    (7) expression -> . MINUS expression
    (8) expression -> . ABS LPAREN expression RPAREN
    (9) expression -> . SQRT LPAREN expression RPAREN
    (10) expression -> . EXP LPAREN expression RPAREN

    LPAREN          shift and go to state 3
    NUMBER          shift and go to state 4
    MINUS           shift and go to state 2
    ABS             shift and go to state 5
    SQRT            shift and go to state 6
    EXP             shift and go to state 7

    expression                     shift and go to state 17

state 9

    (2) expression -> expression MINUS . expression
    (1) expression -> . expression PLUS expression
    (2) expression -> . expression MINUS expression
    (3) expression -> . expression TIMES expression
    (4) expression -> . expression DIVIDE expression
    (5) expression -> . LPAREN expression RPAREN
    (6) expression -> . NUMBER
    (7) expression -> . MINUS expression
    (8) expression -> . ABS LPAREN expression RPAREN
    (9) expression -> . SQRT LPAREN expression RPAREN
    (10) expression -> . EXP LPAREN expression RPAREN

    LPAREN          shift and go to state 3
    NUMBER          shift and go to state 4
    MINUS           shift and go to state 2
    ABS             shift and go to state 5
    SQRT            shift and go to state 6
    EXP             shift and go to state 7

    expression                     shift and go to state 18

state 10

    (3) expression -> expression TIMES . expression
    (1) expression -> . expression PLUS expression
    (2) expression -> . expression MINUS expression
    (3) expression -> . expression TIMES expression
    (4) expression -> . expression DIVIDE expression
    (5) expression -> . LPAREN expression RPAREN
    (6) expression -> . NUMBER
    (7) expression -> . MINUS expression
    (8) expression -> . ABS LPAREN expression RPAREN
    (9) expression -> . SQRT LPAREN expression RPAREN
    (10) expression -> . EXP LPAREN expression RPAREN

    LPAREN          shift and go to state 3
    NUMBER          shift and go to state 4
    MINUS           shift and go to state 2
    ABS             shift and go to state 5
    SQRT            shift and go to state 6
    EXP             shift and go to state 7

    expression                     shift and go to state 19

state 11

    (4) expression -> expression DIVIDE . expression
    (1) expression -> . expression PLUS expression
    (2) expression -> . expression MINUS expression
    (3) expression -> . expression TIMES expression
    (4) expression -> . expression DIVIDE expression
    (5) expression -> . LPAREN expression RPAREN
    (6) expression -> . NUMBER
    (7) expression -> . MINUS expression
    (8) expression -> . ABS LPAREN expression RPAREN
    (9) expression -> . SQRT LPAREN expression RPAREN
    (10) expression -> . EXP LPAREN expression RPAREN

    LPAREN          shift and go to state 3
    NUMBER          shift and go to state 4
    MINUS           shift and go to state 2
    ABS             shift and go to state 5
    SQRT            shift and go to state 6
    EXP             shift and go to state 7

    expression                     shift and go to state 20

state 12

    (7) expression -> MINUS expression .
    (1) expression -> expression . PLUS expression
    (2) expression -> expression . MINUS expression
    (3) expression -> expression . TIMES expression
    (4) expression -> expression . DIVIDE expression

    PLUS            reduce using rule 7 (expression -> MINUS expression .)
    MINUS           reduce using rule 7 (expression -> MINUS expression .)
    TIMES           reduce using rule 7 (expression -> MINUS expression .)
    DIVIDE          reduce using rule 7 (expression -> MINUS expression .)
    $end            reduce using rule 7 (expression -> MINUS expression .)
    RPAREN          reduce using rule 7 (expression -> MINUS expression .)

  ! PLUS            [ shift and go to state 8 ]
  ! MINUS           [ shift and go to state 9 ]
  ! TIMES           [ shift and go to state 10 ]
  ! DIVIDE          [ shift and go to state 11 ]


state 13

    (5) expression -> LPAREN expression . RPAREN
    (1) expression -> expression . PLUS expression
    (2) expression -> expression . MINUS expression
    (3) expression -> expression . TIMES expression
    (4) expression -> expression . DIVIDE expression

    RPAREN          shift and go to state 21
    PLUS            shift and go to state 8
    MINUS           shift and go to state 9
    TIMES           shift and go to state 10
    DIVIDE          shift and go to state 11


state 14

    (8) expression -> ABS LPAREN . expression RPAREN
    (1) expression -> . expression PLUS expression
    (2) expression -> . expression MINUS expression
    (3) expression -> . expression TIMES expression
    (4) expression -> . expression DIVIDE expression
    (5) expression -> . LPAREN expression RPAREN
    (6) expression -> . NUMBER
    (7) expression -> . MINUS expression
    (8) expression -> . ABS LPAREN expression RPAREN
    (9) expression -> . SQRT LPAREN expression RPAREN
    (10) expression -> . EXP LPAREN expression RPAREN

    LPAREN          shift and go to state 3
    NUMBER          shift and go to state 4
    MINUS           shift and go to state 2
    ABS             shift and go to state 5
    SQRT            shift and go to state 6
    EXP             shift and go to state 7

    expression                     shift and go to state 22

state 15

    (9) expression -> SQRT LPAREN . expression RPAREN
    (1) expression -> . expression PLUS expression
    (2) expression -> . expression MINUS expression
    (3) expression -> . expression TIMES expression
    (4) expression -> . expression DIVIDE expression
    (5) expression -> . LPAREN expression RPAREN
    (6) expression -> . NUMBER
    (7) expression -> . MINUS expression
    (8) expression -> . ABS LPAREN expression RPAREN
    (9) expression -> . SQRT LPAREN expression RPAREN
    (10) expression -> . EXP LPAREN expression RPAREN

    LPAREN          shift and go to state 3
    NUMBER          shift and go to state 4
    MINUS           shift and go to state 2
    ABS             shift and go to state 5
    SQRT            shift and go to state 6
    EXP             shift and go to state 7

    expression                     shift and go to state 23

state 16

    (10) expression -> EXP LPAREN . expression RPAREN
    (1) expression -> . expression PLUS expression
    (2) expression -> . expression MINUS expression
    (3) expression -> . expression TIMES expression
    (4) expression -> . expression DIVIDE expression
    (5) expression -> . LPAREN expression RPAREN
    (6) expression -> . NUMBER
    (7) expression -> . MINUS expression
    (8) expression -> . ABS LPAREN expression RPAREN
    (9) expression -> . SQRT LPAREN expression RPAREN
    (10) expression -> . EXP LPAREN expression RPAREN

    LPAREN          shift and go to state 3
    NUMBER          shift and go to state 4
    MINUS           shift and go to state 2
    ABS             shift and go to state 5
    SQRT            shift and go to state 6
    EXP             shift and go to state 7

    expression                     shift and go to state 24

state 17

    (1) expression -> expression PLUS expression .
    (1) expression -> expression . PLUS expression
    (2) expression -> expression . MINUS expression
    (3) expression -> expression . TIMES expression
    (4) expression -> expression . DIVIDE expression

    PLUS            reduce using rule 1 (expression -> expression PLUS expression .)
    MINUS           reduce using rule 1 (expression -> expression PLUS expression .)
    $end            reduce using rule 1 (expression -> expression PLUS expression .)
    RPAREN          reduce using rule 1 (expression -> expression PLUS expression .)
    TIMES           shift and go to state 10
    DIVIDE          shift and go to state 11

  ! TIMES           [ reduce using rule 1 (expression -> expression PLUS expression .) ]
  ! DIVIDE          [ reduce using rule 1 (expression -> expression PLUS expression .) ]
  ! PLUS            [ shift and go to state 8 ]
  ! MINUS           [ shift and go to state 9 ]


state 18

    (2) expression -> expression MINUS expression .
    (1) expression -> expression . PLUS expression
    (2) expression -> expression . MINUS expression
    (3) expression -> expression . TIMES expression
    (4) expression -> expression . DIVIDE expression

    PLUS            reduce using rule 2 (expression -> expression MINUS expression .)
    MINUS           reduce using rule 2 (expression -> expression MINUS expression .)
    $end            reduce using rule 2 (expression -> expression MINUS expression .)
    RPAREN          reduce using rule 2 (expression -> expression MINUS expression .)
    TIMES           shift and go to state 10
    DIVIDE          shift and go to state 11

  ! TIMES           [ reduce using rule 2 (expression -> expression MINUS expression .) ]
  ! DIVIDE          [ reduce using rule 2 (expression -> expression MINUS expression .) ]
  ! PLUS            [ shift and go to state 8 ]
  ! MINUS           [ shift and go to state 9 ]


state 19

    (3) expression -> expression TIMES expression .
    (1) expression -> expression . PLUS expression
    (2) expression -> expression . MINUS expression
    (3) expression -> expression . TIMES expression
    (4) expression -> expression . DIVIDE expression

    PLUS            reduce using rule 3 (expression -> expression TIMES expression .)
    MINUS           reduce using rule 3 (expression -> expression TIMES expression .)
    TIMES           reduce using rule 3 (expression -> expression TIMES expression .)
    DIVIDE          reduce using rule 3 (expression -> expression TIMES expression .)
    $end            reduce using rule 3 (expression -> expression TIMES expression .)
    RPAREN          reduce using rule 3 (expression -> expression TIMES expression .)

  ! PLUS            [ shift and go to state 8 ]
  ! MINUS           [ shift and go to state 9 ]
  ! TIMES           [ shift and go to state 10 ]
  ! DIVIDE          [ shift and go to state 11 ]


state 20

    (4) expression -> expression DIVIDE expression .
    (1) expression -> expression . PLUS expression
    (2) expression -> expression . MINUS expression
    (3) expression -> expression . TIMES expression
    (4) expression -> expression . DIVIDE expression

    PLUS            reduce using rule 4 (expression -> expression DIVIDE expression .)
    MINUS           reduce using rule 4 (expression -> expression DIVIDE expression .)
    TIMES           reduce using rule 4 (expression -> expression DIVIDE expression .)
    DIVIDE          reduce using rule 4 (expression -> expression DIVIDE expression .)
    $end            reduce using rule 4 (expression -> expression DIVIDE expression .)
    RPAREN          reduce using rule 4 (expression -> expression DIVIDE expression .)

  ! PLUS            [ shift and go to state 8 ]
  ! MINUS           [ shift and go to state 9 ]
  ! TIMES           [ shift and go to state 10 ]
  ! DIVIDE          [ shift and go to state 11 ]


state 21

    (5) expression -> LPAREN expression RPAREN .

    PLUS            reduce using rule 5 (expression -> LPAREN expression RPAREN .)
    MINUS           reduce using rule 5 (expression -> LPAREN expression RPAREN .)
    TIMES           reduce using rule 5 (expression -> LPAREN expression RPAREN .)
    DIVIDE          reduce using rule 5 (expression -> LPAREN expression RPAREN .)
    $end            reduce using rule 5 (expression -> LPAREN expression RPAREN .)
    RPAREN          reduce using rule 5 (expression -> LPAREN expression RPAREN .)


state 22

    (8) expression -> ABS LPAREN expression . RPAREN
    (1) expression -> expression . PLUS expression
    (2) expression -> expression . MINUS expression
    (3) expression -> expression . TIMES expression
    (4) expression -> expression . DIVIDE expression

    RPAREN          shift and go to state 25
    PLUS            shift and go to state 8
    MINUS           shift and go to state 9
    TIMES           shift and go to state 10
    DIVIDE          shift and go to state 11


state 23

    (9) expression -> SQRT LPAREN expression . RPAREN
    (1) expression -> expression . PLUS expression
    (2) expression -> expression . MINUS expression
    (3) expression -> expression . TIMES expression
    (4) expression -> expression . DIVIDE expression

    RPAREN          shift and go to state 26
    PLUS            shift and go to state 8
    MINUS           shift and go to state 9
    TIMES           shift and go to state 10
    DIVIDE          shift and go to state 11


state 24

    (10) expression -> EXP LPAREN expression . RPAREN
    (1) expression -> expression . PLUS expression
    (2) expression -> expression . MINUS expression
    (3) expression -> expression . TIMES expression
    (4) expression -> expression . DIVIDE expression

    RPAREN          shift and go to state 27
    PLUS            shift and go to state 8
    MINUS           shift and go to state 9
    TIMES           shift and go to state 10
    DIVIDE          shift and go to state 11


state 25

    (8) expression -> ABS LPAREN expression RPAREN .

    PLUS            reduce using rule 8 (expression -> ABS LPAREN expression RPAREN .)
    MINUS           reduce using rule 8 (expression -> ABS LPAREN expression RPAREN .)
    TIMES           reduce using rule 8 (expression -> ABS LPAREN expression RPAREN .)
    DIVIDE          reduce using rule 8 (expression -> ABS LPAREN expression RPAREN .)
    $end            reduce using rule 8 (expression -> ABS LPAREN expression RPAREN .)
    RPAREN          reduce using rule 8 (expression -> ABS LPAREN expression RPAREN .)


state 26

    (9) expression -> SQRT LPAREN expression RPAREN .

    PLUS            reduce using rule 9 (expression -> SQRT LPAREN expression RPAREN .)
    MINUS           reduce using rule 9 (expression -> SQRT LPAREN expression RPAREN .)
    TIMES           reduce using rule 9 (expression -> SQRT LPAREN expression RPAREN .)
    DIVIDE          reduce using rule 9 (expression -> SQRT LPAREN expression RPAREN .)
    $end            reduce using rule 9 (expression -> SQRT LPAREN expression RPAREN .)
    RPAREN          reduce using rule 9 (expression -> SQRT LPAREN expression RPAREN .)


state 27

    (10) expression -> EXP LPAREN expression RPAREN .

    PLUS            reduce using rule 10 (expression -> EXP LPAREN expression RPAREN .)
    MINUS           reduce using rule 10 (expression -> EXP LPAREN expression RPAREN .)
    TIMES           reduce using rule 10 (expression -> EXP LPAREN expression RPAREN .)
    DIVIDE          reduce using rule 10 (expression -> EXP LPAREN expression RPAREN .)
    $end            reduce using rule 10 (expression -> EXP LPAREN expression RPAREN .)
    RPAREN          reduce using rule 10 (expression -> EXP LPAREN expression RPAREN .)

